# JRE version: Java(TM) SE Runtime Environment (8.0_51-b16) (build 1.8.0_51-b16)
# Java VM: Java HotSpot(TM) 64-Bit Server VM (25.51-b03 mixed mode windows-amd64 compressed oops)
Heap:
 PSYoungGen      total 71680K, used 51429K [0x00000000eb200000, 0x00000000efe00000, 0x0000000100000000)
  eden space 65536K, 78% used [0x00000000eb200000,0x00000000ee439718,0x00000000ef200000)
  from space 6144K, 0% used [0x00000000ef800000,0x00000000ef800000,0x00000000efe00000)
  to   space 6144K, 0% used [0x00000000ef200000,0x00000000ef200000,0x00000000ef800000)
 ParOldGen       total 55296K, used 21974K [0x00000000c1600000, 0x00000000c4c00000, 0x00000000eb200000)
  object space 55296K, 39% used [0x00000000c1600000,0x00000000c2b75ab0,0x00000000c4c00000)
 Metaspace       used 22799K, capacity 23302K, committed 23552K, reserved 1071104K
  class space    used 2610K, capacity 2748K, committed 2816K, reserved 1048576K
GC Heap History (10 events):
Event: 8.058 GC heap before
{Heap before GC invocations=7 (full 0):
 PSYoungGen      total 71680K, used 69376K [0x00000000eb200000, 0x00000000efe00000, 0x0000000100000000)
  eden space 65536K, 100% used [0x00000000eb200000,0x00000000ef200000,0x00000000ef200000)
  from space 6144K, 62% used [0x00000000ef800000,0x00000000efbc0020,0x00000000efe00000)
  to   space 6144K, 0% used [0x00000000ef200000,0x00000000ef200000,0x00000000ef800000)
 ParOldGen       total 44032K, used 7499K [0x00000000c1600000, 0x00000000c4100000, 0x00000000eb200000)
  object space 44032K, 17% used [0x00000000c1600000,0x00000000c1d52d58,0x00000000c4100000)
 Metaspace       used 14986K, capacity 15344K, committed 15488K, reserved 1062912K
  class space    used 1779K, capacity 1872K, committed 1920K, reserved 1048576K
Event: 8.085 GC heap after
Heap after GC invocations=7 (full 0):
 PSYoungGen      total 71680K, used 6138K [0x00000000eb200000, 0x00000000efe00000, 0x0000000100000000)
  eden space 65536K, 0% used [0x00000000eb200000,0x00000000eb200000,0x00000000ef200000)
  from space 6144K, 99% used [0x00000000ef200000,0x00000000ef7fe878,0x00000000ef800000)
  to   space 6144K, 0% used [0x00000000ef800000,0x00000000ef800000,0x00000000efe00000)
 ParOldGen       total 44032K, used 8470K [0x00000000c1600000, 0x00000000c4100000, 0x00000000eb200000)
  object space 44032K, 19% used [0x00000000c1600000,0x00000000c1e45848,0x00000000c4100000)
 Metaspace       used 14986K, capacity 15344K, committed 15488K, reserved 1062912K
  class space    used 1779K, capacity 1872K, committed 1920K, reserved 1048576K
}
Event: 11.399 GC heap before
{Heap before GC invocations=8 (full 0):
 PSYoungGen      total 71680K, used 71674K [0x00000000eb200000, 0x00000000efe00000, 0x0000000100000000)
  eden space 65536K, 100% used [0x00000000eb200000,0x00000000ef200000,0x00000000ef200000)
  from space 6144K, 99% used [0x00000000ef200000,0x00000000ef7fe878,0x00000000ef800000)
  to   space 6144K, 0% used [0x00000000ef800000,0x00000000ef800000,0x00000000efe00000)
 ParOldGen       total 44032K, used 8470K [0x00000000c1600000, 0x00000000c4100000, 0x00000000eb200000)
  object space 44032K, 19% used [0x00000000c1600000,0x00000000c1e45848,0x00000000c4100000)
 Metaspace       used 18485K, capacity 18832K, committed 18944K, reserved 1067008K
  class space    used 2178K, capacity 2288K, committed 2304K, reserved 1048576K
Event: 11.462 GC heap after
Heap after GC invocations=8 (full 0):
 PSYoungGen      total 71680K, used 6128K [0x00000000eb200000, 0x00000000efe00000, 0x0000000100000000)
  eden space 65536K, 0% used [0x00000000eb200000,0x00000000eb200000,0x00000000ef200000)
  from space 6144K, 99% used [0x00000000ef800000,0x00000000efdfc0f8,0x00000000efe00000)
  to   space 6144K, 0% used [0x00000000ef200000,0x00000000ef200000,0x00000000ef800000)
 ParOldGen       total 44032K, used 23496K [0x00000000c1600000, 0x00000000c4100000, 0x00000000eb200000)
  object space 44032K, 53% used [0x00000000c1600000,0x00000000c2cf23b8,0x00000000c4100000)
 Metaspace       used 18485K, capacity 18832K, committed 18944K, reserved 1067008K
  class space    used 2178K, capacity 2288K, committed 2304K, reserved 1048576K
}
Event: 13.963 GC heap before
{Heap before GC invocations=9 (full 0):
 PSYoungGen      total 71680K, used 71664K [0x00000000eb200000, 0x00000000efe00000, 0x0000000100000000)
  eden space 65536K, 100% used [0x00000000eb200000,0x00000000ef200000,0x00000000ef200000)
  from space 6144K, 99% used [0x00000000ef800000,0x00000000efdfc0f8,0x00000000efe00000)
  to   space 6144K, 0% used [0x00000000ef200000,0x00000000ef200000,0x00000000ef800000)
 ParOldGen       total 44032K, used 23496K [0x00000000c1600000, 0x00000000c4100000, 0x00000000eb200000)
  object space 44032K, 53% used [0x00000000c1600000,0x00000000c2cf23b8,0x00000000c4100000)
 Metaspace       used 19286K, capacity 19740K, committed 19840K, reserved 1067008K
  class space    used 2236K, capacity 2360K, committed 2432K, reserved 1048576K
Event: 14.005 GC heap after
Heap after GC invocations=9 (full 0):
 PSYoungGen      total 71680K, used 6122K [0x00000000eb200000, 0x00000000efe00000, 0x0000000100000000)
  eden space 65536K, 0% used [0x00000000eb200000,0x00000000eb200000,0x00000000ef200000)
  from space 6144K, 99% used [0x00000000ef200000,0x00000000ef7fa968,0x00000000ef800000)
  to   space 6144K, 0% used [0x00000000ef800000,0x00000000ef800000,0x00000000efe00000)
 ParOldGen       total 44032K, used 30830K [0x00000000c1600000, 0x00000000c4100000, 0x00000000eb200000)
  object space 44032K, 70% used [0x00000000c1600000,0x00000000c341b918,0x00000000c4100000)
 Metaspace       used 19286K, capacity 19740K, committed 19840K, reserved 1067008K
  class space    used 2236K, capacity 2360K, committed 2432K, reserved 1048576K
}
Event: 17.454 GC heap before
{Heap before GC invocations=10 (full 0):
 PSYoungGen      total 71680K, used 56451K [0x00000000eb200000, 0x00000000efe00000, 0x0000000100000000)
  eden space 65536K, 76% used [0x00000000eb200000,0x00000000ee3265d0,0x00000000ef200000)
  from space 6144K, 99% used [0x00000000ef200000,0x00000000ef7fa968,0x00000000ef800000)
  to   space 6144K, 0% used [0x00000000ef800000,0x00000000ef800000,0x00000000efe00000)
 ParOldGen       total 44032K, used 30830K [0x00000000c1600000, 0x00000000c4100000, 0x00000000eb200000)
  object space 44032K, 70% used [0x00000000c1600000,0x00000000c341b918,0x00000000c4100000)
 Metaspace       used 20568K, capacity 21108K, committed 21296K, reserved 1069056K
  class space    used 2324K, capacity 2427K, committed 2432K, reserved 1048576K
Event: 17.483 GC heap after
Heap after GC invocations=10 (full 0):
 PSYoungGen      total 71680K, used 5368K [0x00000000eb200000, 0x00000000efe00000, 0x0000000100000000)
  eden space 65536K, 0% used [0x00000000eb200000,0x00000000eb200000,0x00000000ef200000)
  from space 6144K, 87% used [0x00000000ef800000,0x00000000efd3e200,0x00000000efe00000)
  to   space 6144K, 0% used [0x00000000ef200000,0x00000000ef200000,0x00000000ef800000)
 ParOldGen       total 44032K, used 34533K [0x00000000c1600000, 0x00000000c4100000, 0x00000000eb200000)
  object space 44032K, 78% used [0x00000000c1600000,0x00000000c37b95e0,0x00000000c4100000)
 Metaspace       used 20568K, capacity 21108K, committed 21296K, reserved 1069056K
  class space    used 2324K, capacity 2427K, committed 2432K, reserved 1048576K
}
Event: 17.483 GC heap before
{Heap before GC invocations=11 (full 1):
 PSYoungGen      total 71680K, used 5368K [0x00000000eb200000, 0x00000000efe00000, 0x0000000100000000)
  eden space 65536K, 0% used [0x00000000eb200000,0x00000000eb200000,0x00000000ef200000)
  from space 6144K, 87% used [0x00000000ef800000,0x00000000efd3e200,0x00000000efe00000)
  to   space 6144K, 0% used [0x00000000ef200000,0x00000000ef200000,0x00000000ef800000)
 ParOldGen       total 44032K, used 34533K [0x00000000c1600000, 0x00000000c4100000, 0x00000000eb200000)
  object space 44032K, 78% used [0x00000000c1600000,0x00000000c37b95e0,0x00000000c4100000)
 Metaspace       used 20568K, capacity 21108K, committed 21296K, reserved 1069056K
  class space    used 2324K, capacity 2427K, committed 2432K, reserved 1048576K
Event: 17.688 GC heap after
Heap after GC invocations=11 (full 1):
 PSYoungGen      total 71680K, used 0K [0x00000000eb200000, 0x00000000efe00000, 0x0000000100000000)
  eden space 65536K, 0% used [0x00000000eb200000,0x00000000eb200000,0x00000000ef200000)
  from space 6144K, 0% used [0x00000000ef800000,0x00000000ef800000,0x00000000efe00000)
  to   space 6144K, 0% used [0x00000000ef200000,0x00000000ef200000,0x00000000ef800000)
 ParOldGen       total 55296K, used 21974K [0x00000000c1600000, 0x00000000c4c00000, 0x00000000eb200000)
  object space 55296K, 39% used [0x00000000c1600000,0x00000000c2b75ab0,0x00000000c4c00000)
 Metaspace       used 20384K, capacity 20872K, committed 21296K, reserved 1069056K
  class space    used 2303K, capacity 2387K, committed 2432K, reserved 1048576K
}

